# JRE version: Java(TM) SE Runtime Environment (8.0_241-b07) (build 1.8.0_241-b07)
# Java VM: Java HotSpot(TM) 64-Bit Server VM (25.241-b07 mixed mode windows-amd64 compressed oops)
Heap:
 PSYoungGen      total 38400K, used 33878K [0x00000000d5d00000, 0x00000000d9a80000, 0x0000000100000000)
  eden space 33280K, 86% used [0x00000000d5d00000,0x00000000d7916d10,0x00000000d7d80000)
  from space 5120K, 99% used [0x00000000d8280000,0x00000000d877edb8,0x00000000d8780000)
  to   space 5120K, 0% used [0x00000000d7d80000,0x00000000d7d80000,0x00000000d8280000)
 ParOldGen       total 56320K, used 9357K [0x0000000081600000, 0x0000000084d00000, 0x00000000d5d00000)
  object space 56320K, 16% used [0x0000000081600000,0x0000000081f23498,0x0000000084d00000)
 Metaspace       used 32562K, capacity 33224K, committed 33536K, reserved 1077248K
  class space    used 4628K, capacity 4803K, committed 4864K, reserved 1048576K
GC Heap History (10 events):
Event: 0.803 GC heap before
{Heap before GC invocations=1 (full 0):
 PSYoungGen      total 38400K, used 33277K [0x00000000d5d00000, 0x00000000d8780000, 0x0000000100000000)
  eden space 33280K, 99% used [0x00000000d5d00000,0x00000000d7d7f600,0x00000000d7d80000)
  from space 5120K, 0% used [0x00000000d8280000,0x00000000d8280000,0x00000000d8780000)
  to   space 5120K, 0% used [0x00000000d7d80000,0x00000000d7d80000,0x00000000d8280000)
 ParOldGen       total 87552K, used 0K [0x0000000081600000, 0x0000000086b80000, 0x00000000d5d00000)
  object space 87552K, 0% used [0x0000000081600000,0x0000000081600000,0x0000000086b80000)
 Metaspace       used 11810K, capacity 12198K, committed 12416K, reserved 1060864K
  class space    used 1528K, capacity 1641K, committed 1664K, reserved 1048576K
Event: 0.809 GC heap after
Heap after GC invocations=1 (full 0):
 PSYoungGen      total 38400K, used 4032K [0x00000000d5d00000, 0x00000000d8780000, 0x0000000100000000)
  eden space 33280K, 0% used [0x00000000d5d00000,0x00000000d5d00000,0x00000000d7d80000)
  from space 5120K, 78% used [0x00000000d7d80000,0x00000000d8170378,0x00000000d8280000)
  to   space 5120K, 0% used [0x00000000d8280000,0x00000000d8280000,0x00000000d8780000)
 ParOldGen       total 87552K, used 80K [0x0000000081600000, 0x0000000086b80000, 0x00000000d5d00000)
  object space 87552K, 0% used [0x0000000081600000,0x0000000081614010,0x0000000086b80000)
 Metaspace       used 11810K, capacity 12198K, committed 12416K, reserved 1060864K
  class space    used 1528K, capacity 1641K, committed 1664K, reserved 1048576K
}
Event: 0.975 GC heap before
{Heap before GC invocations=2 (full 0):
 PSYoungGen      total 38400K, used 37312K [0x00000000d5d00000, 0x00000000d8780000, 0x0000000100000000)
  eden space 33280K, 100% used [0x00000000d5d00000,0x00000000d7d80000,0x00000000d7d80000)
  from space 5120K, 78% used [0x00000000d7d80000,0x00000000d8170378,0x00000000d8280000)
  to   space 5120K, 0% used [0x00000000d8280000,0x00000000d8280000,0x00000000d8780000)
 ParOldGen       total 87552K, used 80K [0x0000000081600000, 0x0000000086b80000, 0x00000000d5d00000)
  object space 87552K, 0% used [0x0000000081600000,0x0000000081614010,0x0000000086b80000)
 Metaspace       used 13586K, capacity 14034K, committed 14336K, reserved 1060864K
  class space    used 1807K, capacity 1936K, committed 2048K, reserved 1048576K
Event: 0.981 GC heap after
Heap after GC invocations=2 (full 0):
 PSYoungGen      total 38400K, used 5100K [0x00000000d5d00000, 0x00000000d8780000, 0x0000000100000000)
  eden space 33280K, 0% used [0x00000000d5d00000,0x00000000d5d00000,0x00000000d7d80000)
  from space 5120K, 99% used [0x00000000d8280000,0x00000000d877b270,0x00000000d8780000)
  to   space 5120K, 0% used [0x00000000d7d80000,0x00000000d7d80000,0x00000000d8280000)
 ParOldGen       total 87552K, used 509K [0x0000000081600000, 0x0000000086b80000, 0x00000000d5d00000)
  object space 87552K, 0% used [0x0000000081600000,0x000000008167f5e8,0x0000000086b80000)
 Metaspace       used 13586K, capacity 14034K, committed 14336K, reserved 1060864K
  class space    used 1807K, capacity 1936K, committed 2048K, reserved 1048576K
}
Event: 1.942 GC heap before
{Heap before GC invocations=3 (full 0):
 PSYoungGen      total 38400K, used 21572K [0x00000000d5d00000, 0x00000000d8780000, 0x0000000100000000)
  eden space 33280K, 49% used [0x00000000d5d00000,0x00000000d6d15f28,0x00000000d7d80000)
  from space 5120K, 99% used [0x00000000d8280000,0x00000000d877b270,0x00000000d8780000)
  to   space 5120K, 0% used [0x00000000d7d80000,0x00000000d7d80000,0x00000000d8280000)
 ParOldGen       total 87552K, used 509K [0x0000000081600000, 0x0000000086b80000, 0x00000000d5d00000)
  object space 87552K, 0% used [0x0000000081600000,0x000000008167f5e8,0x0000000086b80000)
 Metaspace       used 20562K, capacity 20992K, committed 21248K, reserved 1067008K
  class space    used 2837K, capacity 2987K, committed 3072K, reserved 1048576K
Event: 1.948 GC heap after
Heap after GC invocations=3 (full 0):
 PSYoungGen      total 38400K, used 5091K [0x00000000d5d00000, 0x00000000d8780000, 0x0000000100000000)
  eden space 33280K, 0% used [0x00000000d5d00000,0x00000000d5d00000,0x00000000d7d80000)
  from space 5120K, 99% used [0x00000000d7d80000,0x00000000d8278ff8,0x00000000d8280000)
  to   space 5120K, 0% used [0x00000000d8280000,0x00000000d8280000,0x00000000d8780000)
 ParOldGen       total 87552K, used 2687K [0x0000000081600000, 0x0000000086b80000, 0x00000000d5d00000)
  object space 87552K, 3% used [0x0000000081600000,0x000000008189ff18,0x0000000086b80000)
 Metaspace       used 20562K, capacity 20992K, committed 21248K, reserved 1067008K
  class space    used 2837K, capacity 2987K, committed 3072K, reserved 1048576K
}
Event: 1.948 GC heap before
{Heap before GC invocations=4 (full 1):
 PSYoungGen      total 38400K, used 5091K [0x00000000d5d00000, 0x00000000d8780000, 0x0000000100000000)
  eden space 33280K, 0% used [0x00000000d5d00000,0x00000000d5d00000,0x00000000d7d80000)
  from space 5120K, 99% used [0x00000000d7d80000,0x00000000d8278ff8,0x00000000d8280000)
  to   space 5120K, 0% used [0x00000000d8280000,0x00000000d8280000,0x00000000d8780000)
 ParOldGen       total 87552K, used 2687K [0x0000000081600000, 0x0000000086b80000, 0x00000000d5d00000)
  object space 87552K, 3% used [0x0000000081600000,0x000000008189ff18,0x0000000086b80000)
 Metaspace       used 20562K, capacity 20992K, committed 21248K, reserved 1067008K
  class space    used 2837K, capacity 2987K, committed 3072K, reserved 1048576K
Event: 1.969 GC heap after
Heap after GC invocations=4 (full 1):
 PSYoungGen      total 38400K, used 0K [0x00000000d5d00000, 0x00000000d8780000, 0x0000000100000000)
  eden space 33280K, 0% used [0x00000000d5d00000,0x00000000d5d00000,0x00000000d7d80000)
  from space 5120K, 0% used [0x00000000d7d80000,0x00000000d7d80000,0x00000000d8280000)
  to   space 5120K, 0% used [0x00000000d8280000,0x00000000d8280000,0x00000000d8780000)
 ParOldGen       total 56320K, used 7135K [0x0000000081600000, 0x0000000084d00000, 0x00000000d5d00000)
  object space 56320K, 12% used [0x0000000081600000,0x0000000081cf7c78,0x0000000084d00000)
 Metaspace       used 20562K, capacity 20992K, committed 21248K, reserved 1067008K
  class space    used 2837K, capacity 2987K, committed 3072K, reserved 1048576K
}
Event: 2.448 GC heap before
{Heap before GC invocations=5 (full 1):
 PSYoungGen      total 38400K, used 33280K [0x00000000d5d00000, 0x00000000d8780000, 0x0000000100000000)
  eden space 33280K, 100% used [0x00000000d5d00000,0x00000000d7d80000,0x00000000d7d80000)
  from space 5120K, 0% used [0x00000000d7d80000,0x00000000d7d80000,0x00000000d8280000)
  to   space 5120K, 0% used [0x00000000d8280000,0x00000000d8280000,0x00000000d8780000)
 ParOldGen       total 56320K, used 7135K [0x0000000081600000, 0x0000000084d00000, 0x00000000d5d00000)
  object space 56320K, 12% used [0x0000000081600000,0x0000000081cf7c78,0x0000000084d00000)
 Metaspace       used 27458K, capacity 28028K, committed 28416K, reserved 1073152K
  class space    used 3795K, capacity 3983K, committed 4096K, reserved 1048576K
Event: 2.453 GC heap after
Heap after GC invocations=5 (full 1):
 PSYoungGen      total 38400K, used 5115K [0x00000000d5d00000, 0x00000000d9a80000, 0x0000000100000000)
  eden space 33280K, 0% used [0x00000000d5d00000,0x00000000d5d00000,0x00000000d7d80000)
  from space 5120K, 99% used [0x00000000d8280000,0x00000000d877edb8,0x00000000d8780000)
  to   space 5120K, 0% used [0x00000000d7d80000,0x00000000d7d80000,0x00000000d8280000)
 ParOldGen       total 56320K, used 9357K [0x0000000081600000, 0x0000000084d00000, 0x00000000d5d00000)
  object space 56320K, 16% used [0x0000000081600000,0x0000000081f23498,0x0000000084d00000)
 Metaspace       used 27458K, capacity 28028K, committed 28416K, reserved 1073152K
  class space    used 3795K, capacity 3983K, committed 4096K, reserved 1048576K
}

